<?xml version="1.0" encoding="UTF-8"?>
<testng-results ignored="0" total="1" passed="1" failed="0" skipped="0">
  <reporter-output>
  </reporter-output>
  <suite started-at="2024-01-28T17:04:17 IST" name="Default suite" finished-at="2024-01-28T17:04:25 IST" duration-ms="7177">
    <groups>
    </groups>
    <test started-at="2024-01-28T17:04:17 IST" name="Default test" finished-at="2024-01-28T17:04:25 IST" duration-ms="7177">
      <class name="demoPkg.Demo">
        <test-method signature="operation()[pri:0, instance:demoPkg.Demo@f5ac9e4]" started-at="2024-01-28T17:04:17 IST" name="operation" finished-at="2024-01-28T17:04:25 IST" duration-ms="7111" status="PASS">
          <reporter-output>
          </reporter-output>
        </test-method> <!-- operation -->
      </class> <!-- demoPkg.Demo -->
    </test> <!-- Default test -->
  </suite> <!-- Default suite -->
</testng-results>
